INFO:googleapiclient.discovery_cache:file_cache is only supported with oauth2client<4.0.0
DEBUG:googleapiclient.discovery:URL being requested: GET https://sheets.googleapis.com/v4/spreadsheets/1wuDiEF7OoxUF94OPERKkWoP0UMmG2xdzQSwQPqD1wKU/values/Sheet1%21A1%3AI1000?alt=json
DEBUG:google_auth_httplib2:Making request: POST https://oauth2.googleapis.com/token
INFO:googleapiclient.discovery_cache:file_cache is only supported with oauth2client<4.0.0
DEBUG:googleapiclient.discovery:URL being requested: GET https://sheets.googleapis.com/v4/spreadsheets/1wuDiEF7OoxUF94OPERKkWoP0UMmG2xdzQSwQPqD1wKU/values/Sheet1%21A3%3AI3?alt=json
DEBUG:google_auth_httplib2:Making request: POST https://oauth2.googleapis.com/token
INFO:root:Data recieved.['24/10/2021', 'Reception', 'Sangeetha', 'Vijay', '7:30 PM', 'Vhall mahal', 'https://assets-news-bcdn.dailyhunt.in/cmd/resize/400x400_80/fetchdata16/images/c7/67/39/c767391bbcdc419d71c31a45b6fdfdfd230746ecdda0e299a32970dea22d1089.jpg', 'https://pbs.twimg.com/profile_images/1344184175042023425/If0Eo8AP.jpg', 'https://5.imimg.com/data5/IU/UV/MY-30452260/invitation-card-500x500.jpg']
DEBUG:urllib3.connectionpool:Starting new HTTPS connection (1): api.github.com:443
DEBUG:urllib3.connectionpool:https://api.github.com:443 "POST /user/repos HTTP/1.1" 201 5482
INFO:googleapiclient.discovery_cache:file_cache is only supported with oauth2client<4.0.0
DEBUG:googleapiclient.discovery:URL being requested: GET https://sheets.googleapis.com/v4/spreadsheets/1wuDiEF7OoxUF94OPERKkWoP0UMmG2xdzQSwQPqD1wKU/values/Sheet1%21A1%3AI1000?alt=json
DEBUG:google_auth_httplib2:Making request: POST https://oauth2.googleapis.com/token
INFO:googleapiclient.discovery_cache:file_cache is only supported with oauth2client<4.0.0
DEBUG:googleapiclient.discovery:URL being requested: GET https://sheets.googleapis.com/v4/spreadsheets/1wuDiEF7OoxUF94OPERKkWoP0UMmG2xdzQSwQPqD1wKU/values/Sheet1%21A3%3AI3?alt=json
DEBUG:google_auth_httplib2:Making request: POST https://oauth2.googleapis.com/token
INFO:root:Data recieved.['24/10/2021', 'Reception', 'Sangeetha', 'Vijay', '7:30 PM', 'Vhall mahal', 'https://assets-news-bcdn.dailyhunt.in/cmd/resize/400x400_80/fetchdata16/images/c7/67/39/c767391bbcdc419d71c31a45b6fdfdfd230746ecdda0e299a32970dea22d1089.jpg', 'https://pbs.twimg.com/profile_images/1344184175042023425/If0Eo8AP.jpg', 'https://5.imimg.com/data5/IU/UV/MY-30452260/invitation-card-500x500.jpg']
DEBUG:urllib3.connectionpool:Starting new HTTPS connection (1): api.github.com:443
DEBUG:urllib3.connectionpool:https://api.github.com:443 "POST /user/repos HTTP/1.1" 201 5482
INFO:googleapiclient.discovery_cache:file_cache is only supported with oauth2client<4.0.0
DEBUG:googleapiclient.discovery:URL being requested: GET https://sheets.googleapis.com/v4/spreadsheets/1wuDiEF7OoxUF94OPERKkWoP0UMmG2xdzQSwQPqD1wKU/values/Sheet1%21A1%3AI1000?alt=json
DEBUG:google_auth_httplib2:Making request: POST https://oauth2.googleapis.com/token
INFO:googleapiclient.discovery_cache:file_cache is only supported with oauth2client<4.0.0
DEBUG:googleapiclient.discovery:URL being requested: GET https://sheets.googleapis.com/v4/spreadsheets/1wuDiEF7OoxUF94OPERKkWoP0UMmG2xdzQSwQPqD1wKU/values/Sheet1%21A3%3AI3?alt=json
DEBUG:google_auth_httplib2:Making request: POST https://oauth2.googleapis.com/token
INFO:root:Data recieved.['24/10/2021', 'Reception', 'Sangeetha', 'Vijay', '7:30 PM', 'Vhall mahal', 'https://assets-news-bcdn.dailyhunt.in/cmd/resize/400x400_80/fetchdata16/images/c7/67/39/c767391bbcdc419d71c31a45b6fdfdfd230746ecdda0e299a32970dea22d1089.jpg', 'https://pbs.twimg.com/profile_images/1344184175042023425/If0Eo8AP.jpg', 'https://5.imimg.com/data5/IU/UV/MY-30452260/invitation-card-500x500.jpg']
DEBUG:urllib3.connectionpool:Starting new HTTPS connection (1): api.github.com:443
DEBUG:urllib3.connectionpool:https://api.github.com:443 "POST /user/repos HTTP/1.1" 201 5394
INFO:googleapiclient.discovery_cache:file_cache is only supported with oauth2client<4.0.0
DEBUG:googleapiclient.discovery:URL being requested: GET https://sheets.googleapis.com/v4/spreadsheets/1wuDiEF7OoxUF94OPERKkWoP0UMmG2xdzQSwQPqD1wKU/values/Sheet1%21A1%3AI1000?alt=json
DEBUG:google_auth_httplib2:Making request: POST https://oauth2.googleapis.com/token
INFO:googleapiclient.discovery_cache:file_cache is only supported with oauth2client<4.0.0
DEBUG:googleapiclient.discovery:URL being requested: GET https://sheets.googleapis.com/v4/spreadsheets/1wuDiEF7OoxUF94OPERKkWoP0UMmG2xdzQSwQPqD1wKU/values/Sheet1%21A3%3AI3?alt=json
DEBUG:google_auth_httplib2:Making request: POST https://oauth2.googleapis.com/token
INFO:root:Data recieved.['24/10/2021', 'Reception', 'Sangeetha', 'Vijay', '7:30 PM', 'Vhall mahal', 'https://assets-news-bcdn.dailyhunt.in/cmd/resize/400x400_80/fetchdata16/images/c7/67/39/c767391bbcdc419d71c31a45b6fdfdfd230746ecdda0e299a32970dea22d1089.jpg', 'https://pbs.twimg.com/profile_images/1344184175042023425/If0Eo8AP.jpg', 'https://5.imimg.com/data5/IU/UV/MY-30452260/invitation-card-500x500.jpg']
DEBUG:urllib3.connectionpool:Starting new HTTPS connection (1): api.github.com:443
DEBUG:urllib3.connectionpool:https://api.github.com:443 "POST /user/repos HTTP/1.1" 201 5394
INFO:root:<Response [201]>
INFO:googleapiclient.discovery_cache:file_cache is only supported with oauth2client<4.0.0
DEBUG:googleapiclient.discovery:URL being requested: GET https://sheets.googleapis.com/v4/spreadsheets/1wuDiEF7OoxUF94OPERKkWoP0UMmG2xdzQSwQPqD1wKU/values/Sheet1%21A1%3AI1000?alt=json
DEBUG:google_auth_httplib2:Making request: POST https://oauth2.googleapis.com/token
INFO:googleapiclient.discovery_cache:file_cache is only supported with oauth2client<4.0.0
DEBUG:googleapiclient.discovery:URL being requested: GET https://sheets.googleapis.com/v4/spreadsheets/1wuDiEF7OoxUF94OPERKkWoP0UMmG2xdzQSwQPqD1wKU/values/Sheet1%21A3%3AI3?alt=json
DEBUG:google_auth_httplib2:Making request: POST https://oauth2.googleapis.com/token
INFO:root:Data recieved.['24/10/2021', 'Reception', 'Sangeetha', 'Vijay', '7:30 PM', 'Vhall mahal', 'https://assets-news-bcdn.dailyhunt.in/cmd/resize/400x400_80/fetchdata16/images/c7/67/39/c767391bbcdc419d71c31a45b6fdfdfd230746ecdda0e299a32970dea22d1089.jpg', 'https://pbs.twimg.com/profile_images/1344184175042023425/If0Eo8AP.jpg', 'https://5.imimg.com/data5/IU/UV/MY-30452260/invitation-card-500x500.jpg']
DEBUG:urllib3.connectionpool:Starting new HTTPS connection (1): api.github.com:443
DEBUG:urllib3.connectionpool:https://api.github.com:443 "POST /user/repos HTTP/1.1" 422 271
INFO:googleapiclient.discovery_cache:file_cache is only supported with oauth2client<4.0.0
DEBUG:googleapiclient.discovery:URL being requested: GET https://sheets.googleapis.com/v4/spreadsheets/1wuDiEF7OoxUF94OPERKkWoP0UMmG2xdzQSwQPqD1wKU/values/Sheet1%21A1%3AI1000?alt=json
DEBUG:google_auth_httplib2:Making request: POST https://oauth2.googleapis.com/token
INFO:googleapiclient.discovery_cache:file_cache is only supported with oauth2client<4.0.0
DEBUG:googleapiclient.discovery:URL being requested: GET https://sheets.googleapis.com/v4/spreadsheets/1wuDiEF7OoxUF94OPERKkWoP0UMmG2xdzQSwQPqD1wKU/values/Sheet1%21A3%3AI3?alt=json
DEBUG:google_auth_httplib2:Making request: POST https://oauth2.googleapis.com/token
INFO:root:Data recieved.['24/10/2021', 'Reception', 'Sangeetha', 'Vijay', '7:30 PM', 'Vhall mahal', 'https://assets-news-bcdn.dailyhunt.in/cmd/resize/400x400_80/fetchdata16/images/c7/67/39/c767391bbcdc419d71c31a45b6fdfdfd230746ecdda0e299a32970dea22d1089.jpg', 'https://pbs.twimg.com/profile_images/1344184175042023425/If0Eo8AP.jpg', 'https://5.imimg.com/data5/IU/UV/MY-30452260/invitation-card-500x500.jpg']
DEBUG:urllib3.connectionpool:Starting new HTTPS connection (1): api.github.com:443
DEBUG:urllib3.connectionpool:https://api.github.com:443 "POST /user/repos HTTP/1.1" 201 5394
INFO:root:<Response [201]>
INFO:root:trying to push repo
INFO:googleapiclient.discovery_cache:file_cache is only supported with oauth2client<4.0.0
DEBUG:googleapiclient.discovery:URL being requested: GET https://sheets.googleapis.com/v4/spreadsheets/1wuDiEF7OoxUF94OPERKkWoP0UMmG2xdzQSwQPqD1wKU/values/Sheet1%21A1%3AI1000?alt=json
DEBUG:google_auth_httplib2:Making request: POST https://oauth2.googleapis.com/token
INFO:googleapiclient.discovery_cache:file_cache is only supported with oauth2client<4.0.0
DEBUG:googleapiclient.discovery:URL being requested: GET https://sheets.googleapis.com/v4/spreadsheets/1wuDiEF7OoxUF94OPERKkWoP0UMmG2xdzQSwQPqD1wKU/values/Sheet1%21A3%3AI3?alt=json
DEBUG:google_auth_httplib2:Making request: POST https://oauth2.googleapis.com/token
INFO:root:Data recieved.['24/10/2021', 'Reception', 'Sangeetha', 'Vijay', '7:30 PM', 'Vhall mahal', 'https://assets-news-bcdn.dailyhunt.in/cmd/resize/400x400_80/fetchdata16/images/c7/67/39/c767391bbcdc419d71c31a45b6fdfdfd230746ecdda0e299a32970dea22d1089.jpg', 'https://pbs.twimg.com/profile_images/1344184175042023425/If0Eo8AP.jpg', 'https://5.imimg.com/data5/IU/UV/MY-30452260/invitation-card-500x500.jpg']
DEBUG:urllib3.connectionpool:Starting new HTTPS connection (1): api.github.com:443
DEBUG:urllib3.connectionpool:https://api.github.com:443 "POST /user/repos HTTP/1.1" 201 5394
INFO:root:<Response [201]>
INFO:root:trying to push repo
INFO:googleapiclient.discovery_cache:file_cache is only supported with oauth2client<4.0.0
DEBUG:googleapiclient.discovery:URL being requested: GET https://sheets.googleapis.com/v4/spreadsheets/1wuDiEF7OoxUF94OPERKkWoP0UMmG2xdzQSwQPqD1wKU/values/Sheet1%21A1%3AI1000?alt=json
DEBUG:google_auth_httplib2:Making request: POST https://oauth2.googleapis.com/token
INFO:googleapiclient.discovery_cache:file_cache is only supported with oauth2client<4.0.0
DEBUG:googleapiclient.discovery:URL being requested: GET https://sheets.googleapis.com/v4/spreadsheets/1wuDiEF7OoxUF94OPERKkWoP0UMmG2xdzQSwQPqD1wKU/values/Sheet1%21A3%3AI3?alt=json
DEBUG:google_auth_httplib2:Making request: POST https://oauth2.googleapis.com/token
INFO:root:Data recieved.['24/10/2021', 'Reception', 'Sangeetha', 'Vijay', '7:30 PM', 'Vhall mahal', 'https://assets-news-bcdn.dailyhunt.in/cmd/resize/400x400_80/fetchdata16/images/c7/67/39/c767391bbcdc419d71c31a45b6fdfdfd230746ecdda0e299a32970dea22d1089.jpg', 'https://pbs.twimg.com/profile_images/1344184175042023425/If0Eo8AP.jpg', 'https://5.imimg.com/data5/IU/UV/MY-30452260/invitation-card-500x500.jpg']
DEBUG:urllib3.connectionpool:Starting new HTTPS connection (1): api.github.com:443
DEBUG:urllib3.connectionpool:https://api.github.com:443 "POST /user/repos HTTP/1.1" 201 5394
INFO:root:<Response [201]>
INFO:root:trying to push repo
